[35m[1mConsolidate compiler generated dependencies of target cone_detector[0m
[ 33%] Built target lidar_processor
[ 50%] [32mBuilding CXX object CMakeFiles/controller.dir/src/controller.cpp.o[0m
[ 83%] Built target cone_detector
[01m[K/home/rj/rover_bot/src/rover_controller/src/controller.cpp:2:10:[m[K [01;31m[Kfatal error: [m[Ksensor_msgs/msg/image.hpp: No such file or directory
    2 | #include [01;31m[K"sensor_msgs/msg/image.hpp"[m[K
      |          [01;31m[K^~~~~~~~~~~~~~~~~~~~~~~~~~~[m[K
compilation terminated.
gmake[2]: *** [CMakeFiles/controller.dir/build.make:76: CMakeFiles/controller.dir/src/controller.cpp.o] Error 1
gmake[1]: *** [CMakeFiles/Makefile2:167: CMakeFiles/controller.dir/all] Error 2
gmake: *** [Makefile:146: all] Error 2
