[0.009s] Invoking command in '/home/rj/rover_bot/build/rover_controller': CMAKE_PREFIX_PATH=${CMAKE_PREFIX_PATH}:/opt/ros/humble /usr/bin/cmake --build /home/rj/rover_bot/build/rover_controller -- -j24 -l24
[0.040s] [35m[1mConsolidate compiler generated dependencies of target cone_detector[0m
[0.049s] [ 33%] Built target lidar_processor
[0.051s] [ 50%] [32mBuilding CXX object CMakeFiles/controller.dir/src/controller.cpp.o[0m
[0.053s] [ 83%] Built target cone_detector
[0.171s] [01m[K/home/rj/rover_bot/src/rover_controller/src/controller.cpp:2:10:[m[K [01;31m[Kfatal error: [m[Ksensor_msgs/msg/image.hpp: No such file or directory
[0.171s]     2 | #include [01;31m[K"sensor_msgs/msg/image.hpp"[m[K
[0.171s]       |          [01;31m[K^~~~~~~~~~~~~~~~~~~~~~~~~~~[m[K
[0.171s] compilation terminated.
[0.181s] gmake[2]: *** [CMakeFiles/controller.dir/build.make:76: CMakeFiles/controller.dir/src/controller.cpp.o] Error 1
[0.181s] gmake[1]: *** [CMakeFiles/Makefile2:167: CMakeFiles/controller.dir/all] Error 2
[0.182s] gmake: *** [Makefile:146: all] Error 2
[0.184s] Invoked command in '/home/rj/rover_bot/build/rover_controller' returned '2': CMAKE_PREFIX_PATH=${CMAKE_PREFIX_PATH}:/opt/ros/humble /usr/bin/cmake --build /home/rj/rover_bot/build/rover_controller -- -j24 -l24
