[35m[1mConsolidate compiler generated dependencies of target cone_detector[0m
[ 33%] Built target controller
[ 66%] Built target lidar_processor
[ 83%] [32mBuilding CXX object CMakeFiles/cone_detector.dir/src/cone_detector.cpp.o[0m
[01m[K/home/rj/rover_bot/src/rover_controller/src/cone_detector.cpp:[m[K In member function â€˜[01m[Kvoid ConeDetector::image_callback(sensor_msgs::msg::Image_<std::allocator<void> >::SharedPtr)[m[Kâ€™:
[01m[K/home/rj/rover_bot/src/rover_controller/src/cone_detector.cpp:49:17:[m[K [01;31m[Kerror: [m[Kâ€˜[01m[Kdetected[m[Kâ€™ was not declared in this scope
   49 |                 [01;31m[Kdetected[m[K = true;
      |                 [01;31m[K^~~~~~~~[m[K
gmake[2]: *** [CMakeFiles/cone_detector.dir/build.make:76: CMakeFiles/cone_detector.dir/src/cone_detector.cpp.o] Error 1
gmake[1]: *** [CMakeFiles/Makefile2:193: CMakeFiles/cone_detector.dir/all] Error 2
gmake: *** [Makefile:146: all] Error 2
