[0.009s] Invoking command in '/home/rj/rover_bot/build/rover_controller': CMAKE_PREFIX_PATH=${CMAKE_PREFIX_PATH}:/opt/ros/humble /usr/bin/cmake --build /home/rj/rover_bot/build/rover_controller -- -j24 -l24
[0.050s] [35m[1mConsolidate compiler generated dependencies of target cone_detector[0m
[0.062s] [ 33%] Built target controller
[0.063s] [ 66%] Built target lidar_processor
[0.067s] [ 83%] [32mBuilding CXX object CMakeFiles/cone_detector.dir/src/cone_detector.cpp.o[0m
[1.854s] [01m[K/home/rj/rover_bot/src/rover_controller/src/cone_detector.cpp:[m[K In member function â€˜[01m[Kvoid ConeDetector::image_callback(sensor_msgs::msg::Image_<std::allocator<void> >::SharedPtr)[m[Kâ€™:
[1.854s] [01m[K/home/rj/rover_bot/src/rover_controller/src/cone_detector.cpp:49:17:[m[K [01;31m[Kerror: [m[Kâ€˜[01m[Kdetected[m[Kâ€™ was not declared in this scope
[1.854s]    49 |                 [01;31m[Kdetected[m[K = true;
[1.854s]       |                 [01;31m[K^~~~~~~~[m[K
[3.470s] gmake[2]: *** [CMakeFiles/cone_detector.dir/build.make:76: CMakeFiles/cone_detector.dir/src/cone_detector.cpp.o] Error 1
[3.471s] gmake[1]: *** [CMakeFiles/Makefile2:193: CMakeFiles/cone_detector.dir/all] Error 2
[3.471s] gmake: *** [Makefile:146: all] Error 2
[3.473s] Invoked command in '/home/rj/rover_bot/build/rover_controller' returned '2': CMAKE_PREFIX_PATH=${CMAKE_PREFIX_PATH}:/opt/ros/humble /usr/bin/cmake --build /home/rj/rover_bot/build/rover_controller -- -j24 -l24
